
*** Running vivado
    with args -log design_1_ilmb_v10_0.vds -m64 -product Vivado -mode batch -messageDb vivado.pb -notrace -source design_1_ilmb_v10_0.tcl



****** Vivado v2022.2 (64-bit)
  **** SW Build 3671981 on Fri Oct 14 05:00:03 MDT 2022
  **** IP Build 3669848 on Fri Oct 14 08:30:02 MDT 2022
    ** Copyright 1986-2022 Xilinx, Inc. All Rights Reserved.

source design_1_ilmb_v10_0.tcl -notrace
create_project: Time (s): cpu = 00:00:10 ; elapsed = 00:00:11 . Memory (MB): peak = 384.398 ; gain = 67.262
INFO: [IP_Flow 19-234] Refreshing IP repositories
INFO: [IP_Flow 19-1700] Loaded user IP repository 'c:/Users/gagan/Desktop/Vivstuff/ip_repo'.
INFO: [IP_Flow 19-2313] Loaded Vivado IP repository 'C:/Xilinx/Vivado/2022.2/data/ip'.
INFO: [IP_Flow 19-6924] IPCACHE: Running cache check for IP inst: design_1_ilmb_v10_0
INFO: [IP_Flow 19-6922] IPCACHE: Exporting cached entry b24face942d20260 to dir: C:/Users/gagan/Desktop/Vivstuff/NewLorenz/NewLorenz.runs/design_1_ilmb_v10_0_synth_1
INFO: [IP_Flow 19-6928] IPCACHE: copied cached file c:/Users/gagan/Desktop/Vivstuff/NewLorenz/NewLorenz.cache/ip/2022.2/b/2/b24face942d20260/design_1_dlmb_v10_0.dcp to C:/Users/gagan/Desktop/Vivstuff/NewLorenz/NewLorenz.runs/design_1_ilmb_v10_0_synth_1/design_1_ilmb_v10_0.dcp.
INFO: [IP_Flow 19-6928] IPCACHE: copied cached file c:/Users/gagan/Desktop/Vivstuff/NewLorenz/NewLorenz.cache/ip/2022.2/b/2/b24face942d20260/design_1_dlmb_v10_0_sim_netlist.v to C:/Users/gagan/Desktop/Vivstuff/NewLorenz/NewLorenz.runs/design_1_ilmb_v10_0_synth_1/design_1_ilmb_v10_0_sim_netlist.v.
INFO: [IP_Flow 19-6928] IPCACHE: copied cached file c:/Users/gagan/Desktop/Vivstuff/NewLorenz/NewLorenz.cache/ip/2022.2/b/2/b24face942d20260/design_1_dlmb_v10_0_sim_netlist.vhdl to C:/Users/gagan/Desktop/Vivstuff/NewLorenz/NewLorenz.runs/design_1_ilmb_v10_0_synth_1/design_1_ilmb_v10_0_sim_netlist.vhdl.
INFO: [IP_Flow 19-6928] IPCACHE: copied cached file c:/Users/gagan/Desktop/Vivstuff/NewLorenz/NewLorenz.cache/ip/2022.2/b/2/b24face942d20260/design_1_dlmb_v10_0_stub.v to C:/Users/gagan/Desktop/Vivstuff/NewLorenz/NewLorenz.runs/design_1_ilmb_v10_0_synth_1/design_1_ilmb_v10_0_stub.v.
INFO: [IP_Flow 19-6928] IPCACHE: copied cached file c:/Users/gagan/Desktop/Vivstuff/NewLorenz/NewLorenz.cache/ip/2022.2/b/2/b24face942d20260/design_1_dlmb_v10_0_stub.vhdl to C:/Users/gagan/Desktop/Vivstuff/NewLorenz/NewLorenz.runs/design_1_ilmb_v10_0_synth_1/design_1_ilmb_v10_0_stub.vhdl.
INFO: [IP_Flow 19-4838] Using cached IP synthesis design for IP design_1_ilmb_v10_0, cache-ID = b24face942d20260.
INFO: [Common 17-206] Exiting Vivado at Tue Nov 22 14:24:20 2022...
